[0.440s] Invoking command in '/home/abood/arduinobot_ws/src/arduinobot_py_examples': AMENT_PREFIX_PATH=/home/abood/arduinobot_ws/install/arduinobot_msgs:${AMENT_PREFIX_PATH} CMAKE_PREFIX_PATH=/home/abood/arduinobot_ws/install/arduinobot_msgs LD_LIBRARY_PATH=/home/abood/arduinobot_ws/install/arduinobot_msgs/lib:${LD_LIBRARY_PATH} PYTHONPATH=/home/abood/arduinobot_ws/build/arduinobot_py_examples/prefix_override:/usr/lib/python3/dist-packages/colcon_core/task/python/colcon_distutils_commands:/home/abood/arduinobot_ws/install/arduinobot_py_examples/lib/python3.10/site-packages:/home/abood/arduinobot_ws/install/arduinobot_msgs/local/lib/python3.10/dist-packages:${PYTHONPATH} /usr/bin/python3 -W ignore:setup.py install is deprecated setup.py egg_info --egg-base ../../build/arduinobot_py_examples build --build-base /home/abood/arduinobot_ws/build/arduinobot_py_examples/build install --record /home/abood/arduinobot_ws/build/arduinobot_py_examples/install.log --single-version-externally-managed install_data
[0.586s] running egg_info
[0.586s] writing ../../build/arduinobot_py_examples/arduinobot_py_examples.egg-info/PKG-INFO
[0.586s] writing dependency_links to ../../build/arduinobot_py_examples/arduinobot_py_examples.egg-info/dependency_links.txt
[0.587s] writing entry points to ../../build/arduinobot_py_examples/arduinobot_py_examples.egg-info/entry_points.txt
[0.587s] writing requirements to ../../build/arduinobot_py_examples/arduinobot_py_examples.egg-info/requires.txt
[0.587s] writing top-level names to ../../build/arduinobot_py_examples/arduinobot_py_examples.egg-info/top_level.txt
[0.588s] reading manifest file '../../build/arduinobot_py_examples/arduinobot_py_examples.egg-info/SOURCES.txt'
[0.594s] writing manifest file '../../build/arduinobot_py_examples/arduinobot_py_examples.egg-info/SOURCES.txt'
[0.594s] running build
[0.594s] running build_py
[0.594s] running install
[0.594s] running install_lib
[0.595s] running install_data
[0.595s] running install_egg_info
[0.596s] removing '/home/abood/arduinobot_ws/install/arduinobot_py_examples/lib/python3.10/site-packages/arduinobot_py_examples-0.0.0-py3.10.egg-info' (and everything under it)
[0.596s] Copying ../../build/arduinobot_py_examples/arduinobot_py_examples.egg-info to /home/abood/arduinobot_ws/install/arduinobot_py_examples/lib/python3.10/site-packages/arduinobot_py_examples-0.0.0-py3.10.egg-info
[0.596s] running install_scripts
[0.609s] Installing simple_parameter script to /home/abood/arduinobot_ws/install/arduinobot_py_examples/lib/arduinobot_py_examples
[0.609s] Installing simple_publisher script to /home/abood/arduinobot_ws/install/arduinobot_py_examples/lib/arduinobot_py_examples
[0.609s] Installing simple_service_client script to /home/abood/arduinobot_ws/install/arduinobot_py_examples/lib/arduinobot_py_examples
[0.609s] Installing simple_service_server script to /home/abood/arduinobot_ws/install/arduinobot_py_examples/lib/arduinobot_py_examples
[0.609s] Installing simple_subscriber script to /home/abood/arduinobot_ws/install/arduinobot_py_examples/lib/arduinobot_py_examples
[0.609s] writing list of installed files to '/home/abood/arduinobot_ws/build/arduinobot_py_examples/install.log'
[0.623s] Invoked command in '/home/abood/arduinobot_ws/src/arduinobot_py_examples' returned '0': AMENT_PREFIX_PATH=/home/abood/arduinobot_ws/install/arduinobot_msgs:${AMENT_PREFIX_PATH} CMAKE_PREFIX_PATH=/home/abood/arduinobot_ws/install/arduinobot_msgs LD_LIBRARY_PATH=/home/abood/arduinobot_ws/install/arduinobot_msgs/lib:${LD_LIBRARY_PATH} PYTHONPATH=/home/abood/arduinobot_ws/build/arduinobot_py_examples/prefix_override:/usr/lib/python3/dist-packages/colcon_core/task/python/colcon_distutils_commands:/home/abood/arduinobot_ws/install/arduinobot_py_examples/lib/python3.10/site-packages:/home/abood/arduinobot_ws/install/arduinobot_msgs/local/lib/python3.10/dist-packages:${PYTHONPATH} /usr/bin/python3 -W ignore:setup.py install is deprecated setup.py egg_info --egg-base ../../build/arduinobot_py_examples build --build-base /home/abood/arduinobot_ws/build/arduinobot_py_examples/build install --record /home/abood/arduinobot_ws/build/arduinobot_py_examples/install.log --single-version-externally-managed install_data
