[0.014s] Invoking command in '/home/abood/arduinobot_ws/build/arduinobot_moveit': CMAKE_PREFIX_PATH=${CMAKE_PREFIX_PATH}:/home/abood/arduinobot_ws/install/arduinobot_py_examples:/opt/ros/humble:/opt/ros/humble/lib/gazebo_ros:/home/abood/ros_ws/install/robot_description:/home/abood/ros_ws/install/my_package /usr/bin/cmake /home/abood/arduinobot_ws/src/arduinobot_moveit -DAMENT_CMAKE_SYMLINK_INSTALL=1 -DCMAKE_INSTALL_PREFIX=/home/abood/arduinobot_ws/install/arduinobot_moveit
[0.020s] -- Found ament_cmake: 1.3.10 (/opt/ros/humble/share/ament_cmake/cmake)
[0.107s] -- Override CMake install command with custom implementation using symlinks instead of copying resources
[0.111s] -- Found ament_lint_auto: 0.12.11 (/opt/ros/humble/share/ament_lint_auto/cmake)
[0.165s] -- Added test 'copyright' to check source files copyright and LICENSE
[0.167s] -- Added test 'flake8' to check Python code syntax and style conventions
[0.167s] -- Added test 'lint_cmake' to check CMake code style
[0.168s] -- Added test 'pep257' to check Python code against some of the docstring style conventions in PEP 257
[0.169s] -- Added test 'xmllint' to check XML markup files
[0.169s] -- Configuring done
[0.172s] -- Generating done
[0.173s] -- Build files have been written to: /home/abood/arduinobot_ws/build/arduinobot_moveit
[0.175s] Invoked command in '/home/abood/arduinobot_ws/build/arduinobot_moveit' returned '0': CMAKE_PREFIX_PATH=${CMAKE_PREFIX_PATH}:/home/abood/arduinobot_ws/install/arduinobot_py_examples:/opt/ros/humble:/opt/ros/humble/lib/gazebo_ros:/home/abood/ros_ws/install/robot_description:/home/abood/ros_ws/install/my_package /usr/bin/cmake /home/abood/arduinobot_ws/src/arduinobot_moveit -DAMENT_CMAKE_SYMLINK_INSTALL=1 -DCMAKE_INSTALL_PREFIX=/home/abood/arduinobot_ws/install/arduinobot_moveit
[0.177s] Invoking command in '/home/abood/arduinobot_ws/build/arduinobot_moveit': CMAKE_PREFIX_PATH=${CMAKE_PREFIX_PATH}:/home/abood/arduinobot_ws/install/arduinobot_py_examples:/opt/ros/humble:/opt/ros/humble/lib/gazebo_ros:/home/abood/ros_ws/install/robot_description:/home/abood/ros_ws/install/my_package /usr/bin/cmake --build /home/abood/arduinobot_ws/build/arduinobot_moveit -- -j16 -l16
[0.202s] Invoked command in '/home/abood/arduinobot_ws/build/arduinobot_moveit' returned '0': CMAKE_PREFIX_PATH=${CMAKE_PREFIX_PATH}:/home/abood/arduinobot_ws/install/arduinobot_py_examples:/opt/ros/humble:/opt/ros/humble/lib/gazebo_ros:/home/abood/ros_ws/install/robot_description:/home/abood/ros_ws/install/my_package /usr/bin/cmake --build /home/abood/arduinobot_ws/build/arduinobot_moveit -- -j16 -l16
[0.216s] Invoking command in '/home/abood/arduinobot_ws/build/arduinobot_moveit': CMAKE_PREFIX_PATH=${CMAKE_PREFIX_PATH}:/home/abood/arduinobot_ws/install/arduinobot_py_examples:/opt/ros/humble:/opt/ros/humble/lib/gazebo_ros:/home/abood/ros_ws/install/robot_description:/home/abood/ros_ws/install/my_package /usr/bin/cmake --install /home/abood/arduinobot_ws/build/arduinobot_moveit
[0.221s] -- Install configuration: ""
[0.221s] -- Execute custom install script
[0.221s] -- Up-to-date symlink: /home/abood/arduinobot_ws/install/arduinobot_moveit/share/arduinobot_moveit/launch/moveit.launch.py
[0.222s] -- Up-to-date symlink: /home/abood/arduinobot_ws/install/arduinobot_moveit/share/arduinobot_moveit/config/arduinobot.srdf
[0.222s] -- Up-to-date symlink: /home/abood/arduinobot_ws/install/arduinobot_moveit/share/arduinobot_moveit/config/initial_positions.yaml
[0.222s] -- Up-to-date symlink: /home/abood/arduinobot_ws/install/arduinobot_moveit/share/arduinobot_moveit/config/joint_limits.yaml
[0.222s] -- Up-to-date symlink: /home/abood/arduinobot_ws/install/arduinobot_moveit/share/arduinobot_moveit/config/kinematics.yaml
[0.222s] -- Up-to-date symlink: /home/abood/arduinobot_ws/install/arduinobot_moveit/share/arduinobot_moveit/config/moveit_controllers.yaml
[0.222s] -- Up-to-date symlink: /home/abood/arduinobot_ws/install/arduinobot_moveit/share/arduinobot_moveit/config/pilz_cartesian_limits.yaml
[0.222s] -- Up-to-date symlink: /home/abood/arduinobot_ws/install/arduinobot_moveit/share/ament_index/resource_index/package_run_dependencies/arduinobot_moveit
[0.222s] -- Up-to-date symlink: /home/abood/arduinobot_ws/install/arduinobot_moveit/share/ament_index/resource_index/parent_prefix_path/arduinobot_moveit
[0.222s] -- Up-to-date symlink: /home/abood/arduinobot_ws/install/arduinobot_moveit/share/arduinobot_moveit/environment/ament_prefix_path.sh
[0.222s] -- Up-to-date symlink: /home/abood/arduinobot_ws/install/arduinobot_moveit/share/arduinobot_moveit/environment/ament_prefix_path.dsv
[0.222s] -- Up-to-date symlink: /home/abood/arduinobot_ws/install/arduinobot_moveit/share/arduinobot_moveit/environment/path.sh
[0.222s] -- Up-to-date symlink: /home/abood/arduinobot_ws/install/arduinobot_moveit/share/arduinobot_moveit/environment/path.dsv
[0.223s] -- Up-to-date symlink: /home/abood/arduinobot_ws/install/arduinobot_moveit/share/arduinobot_moveit/local_setup.bash
[0.223s] -- Up-to-date symlink: /home/abood/arduinobot_ws/install/arduinobot_moveit/share/arduinobot_moveit/local_setup.sh
[0.223s] -- Up-to-date symlink: /home/abood/arduinobot_ws/install/arduinobot_moveit/share/arduinobot_moveit/local_setup.zsh
[0.223s] -- Up-to-date symlink: /home/abood/arduinobot_ws/install/arduinobot_moveit/share/arduinobot_moveit/local_setup.dsv
[0.223s] -- Symlinking: /home/abood/arduinobot_ws/install/arduinobot_moveit/share/arduinobot_moveit/package.dsv
[0.229s] -- Up-to-date symlink: /home/abood/arduinobot_ws/install/arduinobot_moveit/share/ament_index/resource_index/packages/arduinobot_moveit
[0.229s] -- Up-to-date symlink: /home/abood/arduinobot_ws/install/arduinobot_moveit/share/arduinobot_moveit/cmake/arduinobot_moveitConfig.cmake
[0.229s] -- Up-to-date symlink: /home/abood/arduinobot_ws/install/arduinobot_moveit/share/arduinobot_moveit/cmake/arduinobot_moveitConfig-version.cmake
[0.229s] -- Up-to-date symlink: /home/abood/arduinobot_ws/install/arduinobot_moveit/share/arduinobot_moveit/package.xml
[0.244s] Invoked command in '/home/abood/arduinobot_ws/build/arduinobot_moveit' returned '0': CMAKE_PREFIX_PATH=${CMAKE_PREFIX_PATH}:/home/abood/arduinobot_ws/install/arduinobot_py_examples:/opt/ros/humble:/opt/ros/humble/lib/gazebo_ros:/home/abood/ros_ws/install/robot_description:/home/abood/ros_ws/install/my_package /usr/bin/cmake --install /home/abood/arduinobot_ws/build/arduinobot_moveit
