[0.017s] Invoking command in '/home/abood/arduinobot_ws/build/arduinobot_controller': CMAKE_PREFIX_PATH=${CMAKE_PREFIX_PATH}:/home/abood/arduinobot_ws/install/arduinobot_py_examples:/opt/ros/humble:/opt/ros/humble/lib/gazebo_ros:/home/abood/ros_ws/install/robot_description:/home/abood/ros_ws/install/my_package /usr/bin/cmake /home/abood/arduinobot_ws/src/arduinobot_controller -DCMAKE_INSTALL_PREFIX=/home/abood/arduinobot_ws/install/arduinobot_controller
[0.024s] -- Found ament_cmake: 1.3.10 (/opt/ros/humble/share/ament_cmake/cmake)
[0.111s] -- Override CMake install command with custom implementation using symlinks instead of copying resources
[0.116s] -- Found ament_lint_auto: 0.12.11 (/opt/ros/humble/share/ament_lint_auto/cmake)
[0.167s] -- Added test 'flake8' to check Python code syntax and style conventions
[0.167s] -- Added test 'lint_cmake' to check CMake code style
[0.168s] -- Added test 'pep257' to check Python code against some of the docstring style conventions in PEP 257
[0.168s] -- Added test 'xmllint' to check XML markup files
[0.169s] -- Configuring done
[0.171s] -- Generating done
[0.173s] -- Build files have been written to: /home/abood/arduinobot_ws/build/arduinobot_controller
[0.175s] Invoked command in '/home/abood/arduinobot_ws/build/arduinobot_controller' returned '0': CMAKE_PREFIX_PATH=${CMAKE_PREFIX_PATH}:/home/abood/arduinobot_ws/install/arduinobot_py_examples:/opt/ros/humble:/opt/ros/humble/lib/gazebo_ros:/home/abood/ros_ws/install/robot_description:/home/abood/ros_ws/install/my_package /usr/bin/cmake /home/abood/arduinobot_ws/src/arduinobot_controller -DCMAKE_INSTALL_PREFIX=/home/abood/arduinobot_ws/install/arduinobot_controller
[0.176s] Invoking command in '/home/abood/arduinobot_ws/build/arduinobot_controller': CMAKE_PREFIX_PATH=${CMAKE_PREFIX_PATH}:/home/abood/arduinobot_ws/install/arduinobot_py_examples:/opt/ros/humble:/opt/ros/humble/lib/gazebo_ros:/home/abood/ros_ws/install/robot_description:/home/abood/ros_ws/install/my_package /usr/bin/cmake --build /home/abood/arduinobot_ws/build/arduinobot_controller -- -j16 -l16
[0.200s] Invoked command in '/home/abood/arduinobot_ws/build/arduinobot_controller' returned '0': CMAKE_PREFIX_PATH=${CMAKE_PREFIX_PATH}:/home/abood/arduinobot_ws/install/arduinobot_py_examples:/opt/ros/humble:/opt/ros/humble/lib/gazebo_ros:/home/abood/ros_ws/install/robot_description:/home/abood/ros_ws/install/my_package /usr/bin/cmake --build /home/abood/arduinobot_ws/build/arduinobot_controller -- -j16 -l16
[0.221s] Invoking command in '/home/abood/arduinobot_ws/build/arduinobot_controller': CMAKE_PREFIX_PATH=${CMAKE_PREFIX_PATH}:/home/abood/arduinobot_ws/install/arduinobot_py_examples:/opt/ros/humble:/opt/ros/humble/lib/gazebo_ros:/home/abood/ros_ws/install/robot_description:/home/abood/ros_ws/install/my_package /usr/bin/cmake --install /home/abood/arduinobot_ws/build/arduinobot_controller
[0.227s] -- Install configuration: ""
[0.227s] -- Execute custom install script
[0.228s] -- Up-to-date symlink: /home/abood/arduinobot_ws/install/arduinobot_controller/share/arduinobot_controller/config/arduinobot_controllers.yaml
[0.228s] -- Up-to-date symlink: /home/abood/arduinobot_ws/install/arduinobot_controller/share/arduinobot_controller/launch/controller.launch.py
[0.228s] -- Up-to-date symlink: /home/abood/arduinobot_ws/install/arduinobot_controller/share/ament_index/resource_index/package_run_dependencies/arduinobot_controller
[0.228s] -- Up-to-date symlink: /home/abood/arduinobot_ws/install/arduinobot_controller/share/ament_index/resource_index/parent_prefix_path/arduinobot_controller
[0.228s] -- Up-to-date symlink: /home/abood/arduinobot_ws/install/arduinobot_controller/share/arduinobot_controller/environment/ament_prefix_path.sh
[0.228s] -- Up-to-date symlink: /home/abood/arduinobot_ws/install/arduinobot_controller/share/arduinobot_controller/environment/ament_prefix_path.dsv
[0.228s] -- Up-to-date symlink: /home/abood/arduinobot_ws/install/arduinobot_controller/share/arduinobot_controller/environment/path.sh
[0.228s] -- Up-to-date symlink: /home/abood/arduinobot_ws/install/arduinobot_controller/share/arduinobot_controller/environment/path.dsv
[0.228s] -- Up-to-date symlink: /home/abood/arduinobot_ws/install/arduinobot_controller/share/arduinobot_controller/local_setup.bash
[0.228s] -- Up-to-date symlink: /home/abood/arduinobot_ws/install/arduinobot_controller/share/arduinobot_controller/local_setup.sh
[0.228s] -- Up-to-date symlink: /home/abood/arduinobot_ws/install/arduinobot_controller/share/arduinobot_controller/local_setup.zsh
[0.228s] -- Up-to-date symlink: /home/abood/arduinobot_ws/install/arduinobot_controller/share/arduinobot_controller/local_setup.dsv
[0.228s] -- Symlinking: /home/abood/arduinobot_ws/install/arduinobot_controller/share/arduinobot_controller/package.dsv
[0.234s] -- Up-to-date symlink: /home/abood/arduinobot_ws/install/arduinobot_controller/share/ament_index/resource_index/packages/arduinobot_controller
[0.235s] -- Up-to-date symlink: /home/abood/arduinobot_ws/install/arduinobot_controller/share/arduinobot_controller/cmake/arduinobot_controllerConfig.cmake
[0.235s] -- Up-to-date symlink: /home/abood/arduinobot_ws/install/arduinobot_controller/share/arduinobot_controller/cmake/arduinobot_controllerConfig-version.cmake
[0.235s] -- Up-to-date symlink: /home/abood/arduinobot_ws/install/arduinobot_controller/share/arduinobot_controller/package.xml
[0.244s] Invoked command in '/home/abood/arduinobot_ws/build/arduinobot_controller' returned '0': CMAKE_PREFIX_PATH=${CMAKE_PREFIX_PATH}:/home/abood/arduinobot_ws/install/arduinobot_py_examples:/opt/ros/humble:/opt/ros/humble/lib/gazebo_ros:/home/abood/ros_ws/install/robot_description:/home/abood/ros_ws/install/my_package /usr/bin/cmake --install /home/abood/arduinobot_ws/build/arduinobot_controller
