[0.432s] Invoking command in '/home/abood/arduinobot_ws/build/arduinobot_py_examples': CMAKE_PREFIX_PATH=/home/abood/arduinobot_ws/install/arduinobot_msgs:/home/abood/arduinobot_ws/install/arduinobot_utils:/home/abood/arduinobot_ws/install/arduinobot_moveit:/home/abood/arduinobot_ws/install/arduinobot_description:/home/abood/arduinobot_ws/install/arduinobot_cpp_examples:/home/abood/arduinobot_ws/install/arduinobot_controller PYTHONPATH=/home/abood/arduinobot_ws/build/arduinobot_py_examples/prefix_override:/usr/lib/python3/dist-packages/colcon_core/task/python/colcon_distutils_commands:/home/abood/arduinobot_ws/install/arduinobot_py_examples/lib/python3.10/site-packages:${PYTHONPATH} /usr/bin/python3 -W ignore:setup.py install is deprecated setup.py develop --editable --build-directory /home/abood/arduinobot_ws/build/arduinobot_py_examples/build --no-deps symlink_data
[0.609s] running develop
[0.609s] /usr/lib/python3/dist-packages/setuptools/command/easy_install.py:158: EasyInstallDeprecationWarning: easy_install command is deprecated. Use build and pip and other standards-based tools.
[0.609s]   warnings.warn(
[0.720s] running egg_info
[0.720s] creating arduinobot_py_examples.egg-info
[0.720s] writing arduinobot_py_examples.egg-info/PKG-INFO
[0.720s] writing dependency_links to arduinobot_py_examples.egg-info/dependency_links.txt
[0.720s] writing entry points to arduinobot_py_examples.egg-info/entry_points.txt
[0.720s] writing requirements to arduinobot_py_examples.egg-info/requires.txt
[0.720s] writing top-level names to arduinobot_py_examples.egg-info/top_level.txt
[0.721s] writing manifest file 'arduinobot_py_examples.egg-info/SOURCES.txt'
[0.722s] reading manifest file 'arduinobot_py_examples.egg-info/SOURCES.txt'
[0.722s] writing manifest file 'arduinobot_py_examples.egg-info/SOURCES.txt'
[0.723s] running build_ext
[0.723s] Creating /home/abood/arduinobot_ws/install/arduinobot_py_examples/lib/python3.10/site-packages/arduinobot-py-examples.egg-link (link to .)
[0.724s] Installing simple_parameter script to /home/abood/arduinobot_ws/install/arduinobot_py_examples/lib/arduinobot_py_examples
[0.724s] Installing simple_publisher script to /home/abood/arduinobot_ws/install/arduinobot_py_examples/lib/arduinobot_py_examples
[0.724s] Installing simple_service_client script to /home/abood/arduinobot_ws/install/arduinobot_py_examples/lib/arduinobot_py_examples
[0.724s] Installing simple_service_server script to /home/abood/arduinobot_ws/install/arduinobot_py_examples/lib/arduinobot_py_examples
[0.724s] Installing simple_subscriber script to /home/abood/arduinobot_ws/install/arduinobot_py_examples/lib/arduinobot_py_examples
[0.724s] 
[0.724s] Installed /home/abood/arduinobot_ws/build/arduinobot_py_examples
[0.724s] running symlink_data
[0.724s] creating /home/abood/arduinobot_ws/install/arduinobot_py_examples/share/ament_index
[0.724s] creating /home/abood/arduinobot_ws/install/arduinobot_py_examples/share/ament_index/resource_index
[0.724s] creating /home/abood/arduinobot_ws/install/arduinobot_py_examples/share/ament_index/resource_index/packages
[0.724s] symbolically linking /home/abood/arduinobot_ws/build/arduinobot_py_examples/resource/arduinobot_py_examples -> /home/abood/arduinobot_ws/install/arduinobot_py_examples/share/ament_index/resource_index/packages
[0.724s] symbolically linking /home/abood/arduinobot_ws/build/arduinobot_py_examples/package.xml -> /home/abood/arduinobot_ws/install/arduinobot_py_examples/share/arduinobot_py_examples
[0.743s] Invoked command in '/home/abood/arduinobot_ws/build/arduinobot_py_examples' returned '0': CMAKE_PREFIX_PATH=/home/abood/arduinobot_ws/install/arduinobot_msgs:/home/abood/arduinobot_ws/install/arduinobot_utils:/home/abood/arduinobot_ws/install/arduinobot_moveit:/home/abood/arduinobot_ws/install/arduinobot_description:/home/abood/arduinobot_ws/install/arduinobot_cpp_examples:/home/abood/arduinobot_ws/install/arduinobot_controller PYTHONPATH=/home/abood/arduinobot_ws/build/arduinobot_py_examples/prefix_override:/usr/lib/python3/dist-packages/colcon_core/task/python/colcon_distutils_commands:/home/abood/arduinobot_ws/install/arduinobot_py_examples/lib/python3.10/site-packages:${PYTHONPATH} /usr/bin/python3 -W ignore:setup.py install is deprecated setup.py develop --editable --build-directory /home/abood/arduinobot_ws/build/arduinobot_py_examples/build --no-deps symlink_data
