[0.192s] Invoking command in '/home/abood/arduinobot_ws/build/arduinobot_utils': CMAKE_PREFIX_PATH=/home/abood/arduinobot_ws/install/arduinobot_msgs:/home/abood/arduinobot_ws/install/arduinobot_utils:/home/abood/arduinobot_ws/install/arduinobot_moveit:/home/abood/arduinobot_ws/install/arduinobot_description:/home/abood/arduinobot_ws/install/arduinobot_cpp_examples:/home/abood/arduinobot_ws/install/arduinobot_controller:/home/abood/arduinobot_ws/install/arduinobot_py_examples:/opt/ros/humble:/opt/ros/humble/lib/gazebo_ros:/home/abood/ros_ws/install/robot_description:/home/abood/ros_ws/install/my_package /usr/bin/cmake --build /home/abood/arduinobot_ws/build/arduinobot_utils -- -j16 -l16
[0.229s] Built target ament_cmake_python_symlink_arduinobot_utils
[0.400s] running egg_info
[0.401s] writing arduinobot_utils.egg-info/PKG-INFO
[0.401s] writing dependency_links to arduinobot_utils.egg-info/dependency_links.txt
[0.401s] writing top-level names to arduinobot_utils.egg-info/top_level.txt
[0.402s] reading manifest file 'arduinobot_utils.egg-info/SOURCES.txt'
[0.403s] writing manifest file 'arduinobot_utils.egg-info/SOURCES.txt'
[0.421s] Built target ament_cmake_python_build_arduinobot_utils_egg
[0.429s] Invoked command in '/home/abood/arduinobot_ws/build/arduinobot_utils' returned '0': CMAKE_PREFIX_PATH=/home/abood/arduinobot_ws/install/arduinobot_msgs:/home/abood/arduinobot_ws/install/arduinobot_utils:/home/abood/arduinobot_ws/install/arduinobot_moveit:/home/abood/arduinobot_ws/install/arduinobot_description:/home/abood/arduinobot_ws/install/arduinobot_cpp_examples:/home/abood/arduinobot_ws/install/arduinobot_controller:/home/abood/arduinobot_ws/install/arduinobot_py_examples:/opt/ros/humble:/opt/ros/humble/lib/gazebo_ros:/home/abood/ros_ws/install/robot_description:/home/abood/ros_ws/install/my_package /usr/bin/cmake --build /home/abood/arduinobot_ws/build/arduinobot_utils -- -j16 -l16
[0.445s] Invoking command in '/home/abood/arduinobot_ws/build/arduinobot_utils': CMAKE_PREFIX_PATH=/home/abood/arduinobot_ws/install/arduinobot_msgs:/home/abood/arduinobot_ws/install/arduinobot_utils:/home/abood/arduinobot_ws/install/arduinobot_moveit:/home/abood/arduinobot_ws/install/arduinobot_description:/home/abood/arduinobot_ws/install/arduinobot_cpp_examples:/home/abood/arduinobot_ws/install/arduinobot_controller:/home/abood/arduinobot_ws/install/arduinobot_py_examples:/opt/ros/humble:/opt/ros/humble/lib/gazebo_ros:/home/abood/ros_ws/install/robot_description:/home/abood/ros_ws/install/my_package /usr/bin/cmake --install /home/abood/arduinobot_ws/build/arduinobot_utils
[0.450s] -- Install configuration: ""
[0.450s] -- Execute custom install script
[0.450s] -- Up-to-date symlink: /home/abood/arduinobot_ws/install/arduinobot_utils/share/arduinobot_utils/environment/pythonpath.sh
[0.450s] -- Up-to-date symlink: /home/abood/arduinobot_ws/install/arduinobot_utils/share/arduinobot_utils/environment/pythonpath.dsv
[0.451s] -- Up-to-date symlink: /home/abood/arduinobot_ws/install/arduinobot_utils/local/lib/python3.10/dist-packages/arduinobot_utils-0.0.0-py3.10.egg-info/PKG-INFO
[0.451s] -- Up-to-date symlink: /home/abood/arduinobot_ws/install/arduinobot_utils/local/lib/python3.10/dist-packages/arduinobot_utils-0.0.0-py3.10.egg-info/SOURCES.txt
[0.451s] -- Up-to-date symlink: /home/abood/arduinobot_ws/install/arduinobot_utils/local/lib/python3.10/dist-packages/arduinobot_utils-0.0.0-py3.10.egg-info/dependency_links.txt
[0.451s] -- Up-to-date symlink: /home/abood/arduinobot_ws/install/arduinobot_utils/local/lib/python3.10/dist-packages/arduinobot_utils-0.0.0-py3.10.egg-info/top_level.txt
[0.451s] -- Up-to-date symlink: /home/abood/arduinobot_ws/install/arduinobot_utils/local/lib/python3.10/dist-packages/arduinobot_utils/__init__.py
[0.451s] -- Up-to-date symlink: /home/abood/arduinobot_ws/install/arduinobot_utils/local/lib/python3.10/dist-packages/arduinobot_utils/angle_conversion.py
[0.451s] -- Up-to-date symlink: /home/abood/arduinobot_ws/install/arduinobot_utils/lib/arduinobot_utils/angle_conversion.py
[0.451s] -- Up-to-date symlink: /home/abood/arduinobot_ws/install/arduinobot_utils/share/ament_index/resource_index/package_run_dependencies/arduinobot_utils
[0.451s] -- Up-to-date symlink: /home/abood/arduinobot_ws/install/arduinobot_utils/share/ament_index/resource_index/parent_prefix_path/arduinobot_utils
[0.451s] -- Up-to-date symlink: /home/abood/arduinobot_ws/install/arduinobot_utils/share/arduinobot_utils/environment/ament_prefix_path.sh
[0.452s] -- Up-to-date symlink: /home/abood/arduinobot_ws/install/arduinobot_utils/share/arduinobot_utils/environment/ament_prefix_path.dsv
[0.452s] -- Up-to-date symlink: /home/abood/arduinobot_ws/install/arduinobot_utils/share/arduinobot_utils/environment/path.sh
[0.452s] -- Up-to-date symlink: /home/abood/arduinobot_ws/install/arduinobot_utils/share/arduinobot_utils/environment/path.dsv
[0.452s] -- Up-to-date symlink: /home/abood/arduinobot_ws/install/arduinobot_utils/share/arduinobot_utils/local_setup.bash
[0.452s] -- Up-to-date symlink: /home/abood/arduinobot_ws/install/arduinobot_utils/share/arduinobot_utils/local_setup.sh
[0.452s] -- Up-to-date symlink: /home/abood/arduinobot_ws/install/arduinobot_utils/share/arduinobot_utils/local_setup.zsh
[0.452s] -- Up-to-date symlink: /home/abood/arduinobot_ws/install/arduinobot_utils/share/arduinobot_utils/local_setup.dsv
[0.452s] -- Symlinking: /home/abood/arduinobot_ws/install/arduinobot_utils/share/arduinobot_utils/package.dsv
[0.458s] -- Up-to-date symlink: /home/abood/arduinobot_ws/install/arduinobot_utils/share/ament_index/resource_index/packages/arduinobot_utils
[0.458s] -- Up-to-date symlink: /home/abood/arduinobot_ws/install/arduinobot_utils/share/arduinobot_utils/cmake/arduinobot_utilsConfig.cmake
[0.458s] -- Up-to-date symlink: /home/abood/arduinobot_ws/install/arduinobot_utils/share/arduinobot_utils/cmake/arduinobot_utilsConfig-version.cmake
[0.458s] -- Up-to-date symlink: /home/abood/arduinobot_ws/install/arduinobot_utils/share/arduinobot_utils/package.xml
[0.480s] Listing '/home/abood/arduinobot_ws/install/arduinobot_utils/local/lib/python3.10/dist-packages/arduinobot_utils'...
[0.485s] Invoked command in '/home/abood/arduinobot_ws/build/arduinobot_utils' returned '0': CMAKE_PREFIX_PATH=/home/abood/arduinobot_ws/install/arduinobot_msgs:/home/abood/arduinobot_ws/install/arduinobot_utils:/home/abood/arduinobot_ws/install/arduinobot_moveit:/home/abood/arduinobot_ws/install/arduinobot_description:/home/abood/arduinobot_ws/install/arduinobot_cpp_examples:/home/abood/arduinobot_ws/install/arduinobot_controller:/home/abood/arduinobot_ws/install/arduinobot_py_examples:/opt/ros/humble:/opt/ros/humble/lib/gazebo_ros:/home/abood/ros_ws/install/robot_description:/home/abood/ros_ws/install/my_package /usr/bin/cmake --install /home/abood/arduinobot_ws/build/arduinobot_utils
