[0.439s] Invoking command in '/home/abood/arduinobot_ws/build/arduinobot_py_examples': CMAKE_PREFIX_PATH=/home/abood/arduinobot_ws/install/arduinobot_msgs:/home/abood/arduinobot_ws/install/arduinobot_utils:/home/abood/arduinobot_ws/install/arduinobot_moveit:/home/abood/arduinobot_ws/install/arduinobot_description:/home/abood/arduinobot_ws/install/arduinobot_cpp_examples:/home/abood/arduinobot_ws/install/arduinobot_controller PYTHONPATH=/home/abood/arduinobot_ws/build/arduinobot_py_examples/prefix_override:/usr/lib/python3/dist-packages/colcon_core/task/python/colcon_distutils_commands:/home/abood/arduinobot_ws/install/arduinobot_py_examples/lib/python3.10/site-packages:${PYTHONPATH} /usr/bin/python3 -W ignore:setup.py install is deprecated setup.py develop --uninstall --editable --build-directory /home/abood/arduinobot_ws/build/arduinobot_py_examples/build
[0.614s] running develop
[0.614s] /usr/lib/python3/dist-packages/setuptools/command/easy_install.py:158: EasyInstallDeprecationWarning: easy_install command is deprecated. Use build and pip and other standards-based tools.
[0.614s]   warnings.warn(
[0.726s] Removing /home/abood/arduinobot_ws/install/arduinobot_py_examples/lib/python3.10/site-packages/arduinobot-py-examples.egg-link (link to .)
[0.745s] Invoked command in '/home/abood/arduinobot_ws/build/arduinobot_py_examples' returned '0': CMAKE_PREFIX_PATH=/home/abood/arduinobot_ws/install/arduinobot_msgs:/home/abood/arduinobot_ws/install/arduinobot_utils:/home/abood/arduinobot_ws/install/arduinobot_moveit:/home/abood/arduinobot_ws/install/arduinobot_description:/home/abood/arduinobot_ws/install/arduinobot_cpp_examples:/home/abood/arduinobot_ws/install/arduinobot_controller PYTHONPATH=/home/abood/arduinobot_ws/build/arduinobot_py_examples/prefix_override:/usr/lib/python3/dist-packages/colcon_core/task/python/colcon_distutils_commands:/home/abood/arduinobot_ws/install/arduinobot_py_examples/lib/python3.10/site-packages:${PYTHONPATH} /usr/bin/python3 -W ignore:setup.py install is deprecated setup.py develop --uninstall --editable --build-directory /home/abood/arduinobot_ws/build/arduinobot_py_examples/build
[0.747s] Invoking command in '/home/abood/arduinobot_ws/src/arduinobot_py_examples': CMAKE_PREFIX_PATH=/home/abood/arduinobot_ws/install/arduinobot_msgs:/home/abood/arduinobot_ws/install/arduinobot_utils:/home/abood/arduinobot_ws/install/arduinobot_moveit:/home/abood/arduinobot_ws/install/arduinobot_description:/home/abood/arduinobot_ws/install/arduinobot_cpp_examples:/home/abood/arduinobot_ws/install/arduinobot_controller PYTHONPATH=/home/abood/arduinobot_ws/build/arduinobot_py_examples/prefix_override:/usr/lib/python3/dist-packages/colcon_core/task/python/colcon_distutils_commands:/home/abood/arduinobot_ws/install/arduinobot_py_examples/lib/python3.10/site-packages:${PYTHONPATH} /usr/bin/python3 -W ignore:setup.py install is deprecated setup.py egg_info --egg-base ../../build/arduinobot_py_examples build --build-base /home/abood/arduinobot_ws/build/arduinobot_py_examples/build install --record /home/abood/arduinobot_ws/build/arduinobot_py_examples/install.log --single-version-externally-managed install_data --force
[0.911s] running egg_info
[0.912s] writing ../../build/arduinobot_py_examples/arduinobot_py_examples.egg-info/PKG-INFO
[0.912s] writing dependency_links to ../../build/arduinobot_py_examples/arduinobot_py_examples.egg-info/dependency_links.txt
[0.912s] writing entry points to ../../build/arduinobot_py_examples/arduinobot_py_examples.egg-info/entry_points.txt
[0.912s] writing requirements to ../../build/arduinobot_py_examples/arduinobot_py_examples.egg-info/requires.txt
[0.912s] writing top-level names to ../../build/arduinobot_py_examples/arduinobot_py_examples.egg-info/top_level.txt
[0.913s] reading manifest file '../../build/arduinobot_py_examples/arduinobot_py_examples.egg-info/SOURCES.txt'
[0.914s] writing manifest file '../../build/arduinobot_py_examples/arduinobot_py_examples.egg-info/SOURCES.txt'
[0.914s] running build
[0.914s] running build_py
[0.914s] creating /home/abood/arduinobot_ws/build/arduinobot_py_examples/build
[0.914s] creating /home/abood/arduinobot_ws/build/arduinobot_py_examples/build/lib
[0.914s] creating /home/abood/arduinobot_ws/build/arduinobot_py_examples/build/lib/arduinobot_py_examples
[0.914s] copying arduinobot_py_examples/simple_publisher.py -> /home/abood/arduinobot_ws/build/arduinobot_py_examples/build/lib/arduinobot_py_examples
[0.914s] copying arduinobot_py_examples/simple_parameter.py -> /home/abood/arduinobot_ws/build/arduinobot_py_examples/build/lib/arduinobot_py_examples
[0.914s] copying arduinobot_py_examples/launchFileExample.py -> /home/abood/arduinobot_ws/build/arduinobot_py_examples/build/lib/arduinobot_py_examples
[0.914s] copying arduinobot_py_examples/__init__.py -> /home/abood/arduinobot_ws/build/arduinobot_py_examples/build/lib/arduinobot_py_examples
[0.914s] copying arduinobot_py_examples/simple_service_client.py -> /home/abood/arduinobot_ws/build/arduinobot_py_examples/build/lib/arduinobot_py_examples
[0.914s] copying arduinobot_py_examples/simple_service_server.py -> /home/abood/arduinobot_ws/build/arduinobot_py_examples/build/lib/arduinobot_py_examples
[0.914s] copying arduinobot_py_examples/simple_subscriber.py -> /home/abood/arduinobot_ws/build/arduinobot_py_examples/build/lib/arduinobot_py_examples
[0.914s] running install
[0.915s] running install_lib
[0.915s] creating /home/abood/arduinobot_ws/install/arduinobot_py_examples/lib/python3.10/site-packages/arduinobot_py_examples
[0.915s] copying /home/abood/arduinobot_ws/build/arduinobot_py_examples/build/lib/arduinobot_py_examples/simple_publisher.py -> /home/abood/arduinobot_ws/install/arduinobot_py_examples/lib/python3.10/site-packages/arduinobot_py_examples
[0.915s] copying /home/abood/arduinobot_ws/build/arduinobot_py_examples/build/lib/arduinobot_py_examples/simple_parameter.py -> /home/abood/arduinobot_ws/install/arduinobot_py_examples/lib/python3.10/site-packages/arduinobot_py_examples
[0.915s] copying /home/abood/arduinobot_ws/build/arduinobot_py_examples/build/lib/arduinobot_py_examples/launchFileExample.py -> /home/abood/arduinobot_ws/install/arduinobot_py_examples/lib/python3.10/site-packages/arduinobot_py_examples
[0.915s] copying /home/abood/arduinobot_ws/build/arduinobot_py_examples/build/lib/arduinobot_py_examples/__init__.py -> /home/abood/arduinobot_ws/install/arduinobot_py_examples/lib/python3.10/site-packages/arduinobot_py_examples
[0.915s] copying /home/abood/arduinobot_ws/build/arduinobot_py_examples/build/lib/arduinobot_py_examples/simple_service_client.py -> /home/abood/arduinobot_ws/install/arduinobot_py_examples/lib/python3.10/site-packages/arduinobot_py_examples
[0.915s] copying /home/abood/arduinobot_ws/build/arduinobot_py_examples/build/lib/arduinobot_py_examples/simple_service_server.py -> /home/abood/arduinobot_ws/install/arduinobot_py_examples/lib/python3.10/site-packages/arduinobot_py_examples
[0.915s] copying /home/abood/arduinobot_ws/build/arduinobot_py_examples/build/lib/arduinobot_py_examples/simple_subscriber.py -> /home/abood/arduinobot_ws/install/arduinobot_py_examples/lib/python3.10/site-packages/arduinobot_py_examples
[0.916s] byte-compiling /home/abood/arduinobot_ws/install/arduinobot_py_examples/lib/python3.10/site-packages/arduinobot_py_examples/simple_publisher.py to simple_publisher.cpython-310.pyc
[0.916s] byte-compiling /home/abood/arduinobot_ws/install/arduinobot_py_examples/lib/python3.10/site-packages/arduinobot_py_examples/simple_parameter.py to simple_parameter.cpython-310.pyc
[0.916s] byte-compiling /home/abood/arduinobot_ws/install/arduinobot_py_examples/lib/python3.10/site-packages/arduinobot_py_examples/launchFileExample.py to launchFileExample.cpython-310.pyc
[0.916s] byte-compiling /home/abood/arduinobot_ws/install/arduinobot_py_examples/lib/python3.10/site-packages/arduinobot_py_examples/__init__.py to __init__.cpython-310.pyc
[0.916s] byte-compiling /home/abood/arduinobot_ws/install/arduinobot_py_examples/lib/python3.10/site-packages/arduinobot_py_examples/simple_service_client.py to simple_service_client.cpython-310.pyc
[0.917s] byte-compiling /home/abood/arduinobot_ws/install/arduinobot_py_examples/lib/python3.10/site-packages/arduinobot_py_examples/simple_service_server.py to simple_service_server.cpython-310.pyc
[0.917s] byte-compiling /home/abood/arduinobot_ws/install/arduinobot_py_examples/lib/python3.10/site-packages/arduinobot_py_examples/simple_subscriber.py to simple_subscriber.cpython-310.pyc
[0.917s] running install_data
[0.917s] copying resource/arduinobot_py_examples -> /home/abood/arduinobot_ws/install/arduinobot_py_examples/share/ament_index/resource_index/packages
[0.917s] copying package.xml -> /home/abood/arduinobot_ws/install/arduinobot_py_examples/share/arduinobot_py_examples
[0.917s] running install_egg_info
[0.919s] Copying ../../build/arduinobot_py_examples/arduinobot_py_examples.egg-info to /home/abood/arduinobot_ws/install/arduinobot_py_examples/lib/python3.10/site-packages/arduinobot_py_examples-0.0.0-py3.10.egg-info
[0.919s] running install_scripts
[0.933s] Installing simple_parameter script to /home/abood/arduinobot_ws/install/arduinobot_py_examples/lib/arduinobot_py_examples
[0.933s] Installing simple_publisher script to /home/abood/arduinobot_ws/install/arduinobot_py_examples/lib/arduinobot_py_examples
[0.933s] Installing simple_service_client script to /home/abood/arduinobot_ws/install/arduinobot_py_examples/lib/arduinobot_py_examples
[0.933s] Installing simple_service_server script to /home/abood/arduinobot_ws/install/arduinobot_py_examples/lib/arduinobot_py_examples
[0.933s] Installing simple_subscriber script to /home/abood/arduinobot_ws/install/arduinobot_py_examples/lib/arduinobot_py_examples
[0.934s] writing list of installed files to '/home/abood/arduinobot_ws/build/arduinobot_py_examples/install.log'
[0.950s] Invoked command in '/home/abood/arduinobot_ws/src/arduinobot_py_examples' returned '0': CMAKE_PREFIX_PATH=/home/abood/arduinobot_ws/install/arduinobot_msgs:/home/abood/arduinobot_ws/install/arduinobot_utils:/home/abood/arduinobot_ws/install/arduinobot_moveit:/home/abood/arduinobot_ws/install/arduinobot_description:/home/abood/arduinobot_ws/install/arduinobot_cpp_examples:/home/abood/arduinobot_ws/install/arduinobot_controller PYTHONPATH=/home/abood/arduinobot_ws/build/arduinobot_py_examples/prefix_override:/usr/lib/python3/dist-packages/colcon_core/task/python/colcon_distutils_commands:/home/abood/arduinobot_ws/install/arduinobot_py_examples/lib/python3.10/site-packages:${PYTHONPATH} /usr/bin/python3 -W ignore:setup.py install is deprecated setup.py egg_info --egg-base ../../build/arduinobot_py_examples build --build-base /home/abood/arduinobot_ws/build/arduinobot_py_examples/build install --record /home/abood/arduinobot_ws/build/arduinobot_py_examples/install.log --single-version-externally-managed install_data --force
