[0.188s] Invoking command in '/home/abood/arduinobot_ws/build/arduinobot_utils': CMAKE_PREFIX_PATH=/home/abood/arduinobot_ws/install/arduinobot_msgs:/home/abood/arduinobot_ws/install/arduinobot_utils:/home/abood/arduinobot_ws/install/arduinobot_moveit:/home/abood/arduinobot_ws/install/arduinobot_description:/home/abood/arduinobot_ws/install/arduinobot_cpp_examples:/home/abood/arduinobot_ws/install/arduinobot_controller:/home/abood/arduinobot_ws/install/arduinobot_py_examples:/opt/ros/humble:/opt/ros/humble/lib/gazebo_ros:/home/abood/ros_ws/install/robot_description:/home/abood/ros_ws/install/my_package /usr/bin/cmake /home/abood/arduinobot_ws/src/arduinobot_utils -DCMAKE_INSTALL_PREFIX=/home/abood/arduinobot_ws/install/arduinobot_utils
[0.195s] -- Found ament_cmake: 1.3.10 (/opt/ros/humble/share/ament_cmake/cmake)
[0.279s] -- Override CMake install command with custom implementation using symlinks instead of copying resources
[0.283s] -- Found rclpy: 3.3.14 (/opt/ros/humble/share/rclpy/cmake)
[0.283s] -- Found arduinobot_msgs: 0.0.0 (/home/abood/arduinobot_ws/install/arduinobot_msgs/share/arduinobot_msgs/cmake)
[0.299s] -- Found rosidl_generator_c: 3.1.5 (/opt/ros/humble/share/rosidl_generator_c/cmake)
[0.300s] -- Found rosidl_adapter: 3.1.5 (/opt/ros/humble/share/rosidl_adapter/cmake)
[0.304s] -- Found rosidl_generator_cpp: 3.1.5 (/opt/ros/humble/share/rosidl_generator_cpp/cmake)
[0.310s] -- Using all available rosidl_typesupport_c: rosidl_typesupport_fastrtps_c;rosidl_typesupport_introspection_c
[0.318s] -- Using all available rosidl_typesupport_cpp: rosidl_typesupport_fastrtps_cpp;rosidl_typesupport_introspection_cpp
[0.369s] -- Found ament_lint_auto: 0.12.11 (/opt/ros/humble/share/ament_lint_auto/cmake)
[0.418s] -- Added test 'flake8' to check Python code syntax and style conventions
[0.418s] -- Added test 'lint_cmake' to check CMake code style
[0.418s] -- Added test 'pep257' to check Python code against some of the docstring style conventions in PEP 257
[0.419s] -- Added test 'xmllint' to check XML markup files
[0.420s] -- Configuring done
[0.422s] -- Generating done
[0.423s] -- Build files have been written to: /home/abood/arduinobot_ws/build/arduinobot_utils
[0.428s] Invoked command in '/home/abood/arduinobot_ws/build/arduinobot_utils' returned '0': CMAKE_PREFIX_PATH=/home/abood/arduinobot_ws/install/arduinobot_msgs:/home/abood/arduinobot_ws/install/arduinobot_utils:/home/abood/arduinobot_ws/install/arduinobot_moveit:/home/abood/arduinobot_ws/install/arduinobot_description:/home/abood/arduinobot_ws/install/arduinobot_cpp_examples:/home/abood/arduinobot_ws/install/arduinobot_controller:/home/abood/arduinobot_ws/install/arduinobot_py_examples:/opt/ros/humble:/opt/ros/humble/lib/gazebo_ros:/home/abood/ros_ws/install/robot_description:/home/abood/ros_ws/install/my_package /usr/bin/cmake /home/abood/arduinobot_ws/src/arduinobot_utils -DCMAKE_INSTALL_PREFIX=/home/abood/arduinobot_ws/install/arduinobot_utils
[0.429s] Invoking command in '/home/abood/arduinobot_ws/build/arduinobot_utils': CMAKE_PREFIX_PATH=/home/abood/arduinobot_ws/install/arduinobot_msgs:/home/abood/arduinobot_ws/install/arduinobot_utils:/home/abood/arduinobot_ws/install/arduinobot_moveit:/home/abood/arduinobot_ws/install/arduinobot_description:/home/abood/arduinobot_ws/install/arduinobot_cpp_examples:/home/abood/arduinobot_ws/install/arduinobot_controller:/home/abood/arduinobot_ws/install/arduinobot_py_examples:/opt/ros/humble:/opt/ros/humble/lib/gazebo_ros:/home/abood/ros_ws/install/robot_description:/home/abood/ros_ws/install/my_package /usr/bin/cmake --build /home/abood/arduinobot_ws/build/arduinobot_utils -- -j16 -l16
[0.464s] Built target ament_cmake_python_symlink_arduinobot_utils
[0.628s] running egg_info
[0.628s] writing arduinobot_utils.egg-info/PKG-INFO
[0.628s] writing dependency_links to arduinobot_utils.egg-info/dependency_links.txt
[0.628s] writing top-level names to arduinobot_utils.egg-info/top_level.txt
[0.630s] reading manifest file 'arduinobot_utils.egg-info/SOURCES.txt'
[0.630s] writing manifest file 'arduinobot_utils.egg-info/SOURCES.txt'
[0.648s] Built target ament_cmake_python_build_arduinobot_utils_egg
[0.655s] Invoked command in '/home/abood/arduinobot_ws/build/arduinobot_utils' returned '0': CMAKE_PREFIX_PATH=/home/abood/arduinobot_ws/install/arduinobot_msgs:/home/abood/arduinobot_ws/install/arduinobot_utils:/home/abood/arduinobot_ws/install/arduinobot_moveit:/home/abood/arduinobot_ws/install/arduinobot_description:/home/abood/arduinobot_ws/install/arduinobot_cpp_examples:/home/abood/arduinobot_ws/install/arduinobot_controller:/home/abood/arduinobot_ws/install/arduinobot_py_examples:/opt/ros/humble:/opt/ros/humble/lib/gazebo_ros:/home/abood/ros_ws/install/robot_description:/home/abood/ros_ws/install/my_package /usr/bin/cmake --build /home/abood/arduinobot_ws/build/arduinobot_utils -- -j16 -l16
[0.670s] Invoking command in '/home/abood/arduinobot_ws/build/arduinobot_utils': CMAKE_PREFIX_PATH=/home/abood/arduinobot_ws/install/arduinobot_msgs:/home/abood/arduinobot_ws/install/arduinobot_utils:/home/abood/arduinobot_ws/install/arduinobot_moveit:/home/abood/arduinobot_ws/install/arduinobot_description:/home/abood/arduinobot_ws/install/arduinobot_cpp_examples:/home/abood/arduinobot_ws/install/arduinobot_controller:/home/abood/arduinobot_ws/install/arduinobot_py_examples:/opt/ros/humble:/opt/ros/humble/lib/gazebo_ros:/home/abood/ros_ws/install/robot_description:/home/abood/ros_ws/install/my_package /usr/bin/cmake --install /home/abood/arduinobot_ws/build/arduinobot_utils
[0.675s] -- Install configuration: ""
[0.675s] -- Execute custom install script
[0.675s] -- Up-to-date symlink: /home/abood/arduinobot_ws/install/arduinobot_utils/share/arduinobot_utils/environment/pythonpath.sh
[0.675s] -- Up-to-date symlink: /home/abood/arduinobot_ws/install/arduinobot_utils/share/arduinobot_utils/environment/pythonpath.dsv
[0.675s] -- Up-to-date symlink: /home/abood/arduinobot_ws/install/arduinobot_utils/local/lib/python3.10/dist-packages/arduinobot_utils-0.0.0-py3.10.egg-info/PKG-INFO
[0.675s] -- Up-to-date symlink: /home/abood/arduinobot_ws/install/arduinobot_utils/local/lib/python3.10/dist-packages/arduinobot_utils-0.0.0-py3.10.egg-info/SOURCES.txt
[0.676s] -- Up-to-date symlink: /home/abood/arduinobot_ws/install/arduinobot_utils/local/lib/python3.10/dist-packages/arduinobot_utils-0.0.0-py3.10.egg-info/dependency_links.txt
[0.676s] -- Up-to-date symlink: /home/abood/arduinobot_ws/install/arduinobot_utils/local/lib/python3.10/dist-packages/arduinobot_utils-0.0.0-py3.10.egg-info/top_level.txt
[0.676s] -- Up-to-date symlink: /home/abood/arduinobot_ws/install/arduinobot_utils/local/lib/python3.10/dist-packages/arduinobot_utils/__init__.py
[0.676s] -- Up-to-date symlink: /home/abood/arduinobot_ws/install/arduinobot_utils/local/lib/python3.10/dist-packages/arduinobot_utils/angle_conversion.py
[0.676s] -- Up-to-date symlink: /home/abood/arduinobot_ws/install/arduinobot_utils/lib/arduinobot_utils/angle_conversion.py
[0.676s] -- Up-to-date symlink: /home/abood/arduinobot_ws/install/arduinobot_utils/share/ament_index/resource_index/package_run_dependencies/arduinobot_utils
[0.676s] -- Up-to-date symlink: /home/abood/arduinobot_ws/install/arduinobot_utils/share/ament_index/resource_index/parent_prefix_path/arduinobot_utils
[0.676s] -- Up-to-date symlink: /home/abood/arduinobot_ws/install/arduinobot_utils/share/arduinobot_utils/environment/ament_prefix_path.sh
[0.676s] -- Up-to-date symlink: /home/abood/arduinobot_ws/install/arduinobot_utils/share/arduinobot_utils/environment/ament_prefix_path.dsv
[0.677s] -- Up-to-date symlink: /home/abood/arduinobot_ws/install/arduinobot_utils/share/arduinobot_utils/environment/path.sh
[0.677s] -- Up-to-date symlink: /home/abood/arduinobot_ws/install/arduinobot_utils/share/arduinobot_utils/environment/path.dsv
[0.677s] -- Up-to-date symlink: /home/abood/arduinobot_ws/install/arduinobot_utils/share/arduinobot_utils/local_setup.bash
[0.677s] -- Up-to-date symlink: /home/abood/arduinobot_ws/install/arduinobot_utils/share/arduinobot_utils/local_setup.sh
[0.677s] -- Up-to-date symlink: /home/abood/arduinobot_ws/install/arduinobot_utils/share/arduinobot_utils/local_setup.zsh
[0.677s] -- Up-to-date symlink: /home/abood/arduinobot_ws/install/arduinobot_utils/share/arduinobot_utils/local_setup.dsv
[0.677s] -- Symlinking: /home/abood/arduinobot_ws/install/arduinobot_utils/share/arduinobot_utils/package.dsv
[0.683s] -- Up-to-date symlink: /home/abood/arduinobot_ws/install/arduinobot_utils/share/ament_index/resource_index/packages/arduinobot_utils
[0.683s] -- Up-to-date symlink: /home/abood/arduinobot_ws/install/arduinobot_utils/share/arduinobot_utils/cmake/arduinobot_utilsConfig.cmake
[0.683s] -- Up-to-date symlink: /home/abood/arduinobot_ws/install/arduinobot_utils/share/arduinobot_utils/cmake/arduinobot_utilsConfig-version.cmake
[0.683s] -- Up-to-date symlink: /home/abood/arduinobot_ws/install/arduinobot_utils/share/arduinobot_utils/package.xml
[0.706s] Listing '/home/abood/arduinobot_ws/install/arduinobot_utils/local/lib/python3.10/dist-packages/arduinobot_utils'...
[0.711s] Invoked command in '/home/abood/arduinobot_ws/build/arduinobot_utils' returned '0': CMAKE_PREFIX_PATH=/home/abood/arduinobot_ws/install/arduinobot_msgs:/home/abood/arduinobot_ws/install/arduinobot_utils:/home/abood/arduinobot_ws/install/arduinobot_moveit:/home/abood/arduinobot_ws/install/arduinobot_description:/home/abood/arduinobot_ws/install/arduinobot_cpp_examples:/home/abood/arduinobot_ws/install/arduinobot_controller:/home/abood/arduinobot_ws/install/arduinobot_py_examples:/opt/ros/humble:/opt/ros/humble/lib/gazebo_ros:/home/abood/ros_ws/install/robot_description:/home/abood/ros_ws/install/my_package /usr/bin/cmake --install /home/abood/arduinobot_ws/build/arduinobot_utils
