[0.432s] Invoking command in '/home/abood/arduinobot_ws/src/arduinobot_py_examples': CMAKE_PREFIX_PATH=/home/abood/arduinobot_ws/install/arduinobot_msgs:/home/abood/arduinobot_ws/install/arduinobot_utils:/home/abood/arduinobot_ws/install/arduinobot_moveit:/home/abood/arduinobot_ws/install/arduinobot_description:/home/abood/arduinobot_ws/install/arduinobot_cpp_examples:/home/abood/arduinobot_ws/install/arduinobot_controller PYTHONPATH=/home/abood/arduinobot_ws/build/arduinobot_py_examples/prefix_override:/usr/lib/python3/dist-packages/colcon_core/task/python/colcon_distutils_commands:/home/abood/arduinobot_ws/install/arduinobot_py_examples/lib/python3.10/site-packages:${PYTHONPATH} /usr/bin/python3 -W ignore:setup.py install is deprecated setup.py egg_info --egg-base ../../build/arduinobot_py_examples build --build-base /home/abood/arduinobot_ws/build/arduinobot_py_examples/build install --record /home/abood/arduinobot_ws/build/arduinobot_py_examples/install.log --single-version-externally-managed install_data
[0.596s] running egg_info
[0.597s] writing ../../build/arduinobot_py_examples/arduinobot_py_examples.egg-info/PKG-INFO
[0.597s] writing dependency_links to ../../build/arduinobot_py_examples/arduinobot_py_examples.egg-info/dependency_links.txt
[0.597s] writing entry points to ../../build/arduinobot_py_examples/arduinobot_py_examples.egg-info/entry_points.txt
[0.597s] writing requirements to ../../build/arduinobot_py_examples/arduinobot_py_examples.egg-info/requires.txt
[0.597s] writing top-level names to ../../build/arduinobot_py_examples/arduinobot_py_examples.egg-info/top_level.txt
[0.598s] reading manifest file '../../build/arduinobot_py_examples/arduinobot_py_examples.egg-info/SOURCES.txt'
[0.599s] writing manifest file '../../build/arduinobot_py_examples/arduinobot_py_examples.egg-info/SOURCES.txt'
[0.599s] running build
[0.599s] running build_py
[0.599s] running install
[0.600s] running install_lib
[0.600s] running install_data
[0.600s] running install_egg_info
[0.602s] removing '/home/abood/arduinobot_ws/install/arduinobot_py_examples/lib/python3.10/site-packages/arduinobot_py_examples-0.0.0-py3.10.egg-info' (and everything under it)
[0.602s] Copying ../../build/arduinobot_py_examples/arduinobot_py_examples.egg-info to /home/abood/arduinobot_ws/install/arduinobot_py_examples/lib/python3.10/site-packages/arduinobot_py_examples-0.0.0-py3.10.egg-info
[0.602s] running install_scripts
[0.616s] Installing simple_parameter script to /home/abood/arduinobot_ws/install/arduinobot_py_examples/lib/arduinobot_py_examples
[0.616s] Installing simple_publisher script to /home/abood/arduinobot_ws/install/arduinobot_py_examples/lib/arduinobot_py_examples
[0.616s] Installing simple_service_client script to /home/abood/arduinobot_ws/install/arduinobot_py_examples/lib/arduinobot_py_examples
[0.616s] Installing simple_service_server script to /home/abood/arduinobot_ws/install/arduinobot_py_examples/lib/arduinobot_py_examples
[0.616s] Installing simple_subscriber script to /home/abood/arduinobot_ws/install/arduinobot_py_examples/lib/arduinobot_py_examples
[0.616s] writing list of installed files to '/home/abood/arduinobot_ws/build/arduinobot_py_examples/install.log'
[0.632s] Invoked command in '/home/abood/arduinobot_ws/src/arduinobot_py_examples' returned '0': CMAKE_PREFIX_PATH=/home/abood/arduinobot_ws/install/arduinobot_msgs:/home/abood/arduinobot_ws/install/arduinobot_utils:/home/abood/arduinobot_ws/install/arduinobot_moveit:/home/abood/arduinobot_ws/install/arduinobot_description:/home/abood/arduinobot_ws/install/arduinobot_cpp_examples:/home/abood/arduinobot_ws/install/arduinobot_controller PYTHONPATH=/home/abood/arduinobot_ws/build/arduinobot_py_examples/prefix_override:/usr/lib/python3/dist-packages/colcon_core/task/python/colcon_distutils_commands:/home/abood/arduinobot_ws/install/arduinobot_py_examples/lib/python3.10/site-packages:${PYTHONPATH} /usr/bin/python3 -W ignore:setup.py install is deprecated setup.py egg_info --egg-base ../../build/arduinobot_py_examples build --build-base /home/abood/arduinobot_ws/build/arduinobot_py_examples/build install --record /home/abood/arduinobot_ws/build/arduinobot_py_examples/install.log --single-version-externally-managed install_data
