[0.199s] Invoking command in '/home/abood/arduinobot_ws/build/arduinobot_utils': AMENT_PREFIX_PATH=/home/abood/arduinobot_ws/install/arduinobot_msgs:${AMENT_PREFIX_PATH} CMAKE_PREFIX_PATH=/home/abood/arduinobot_ws/install/arduinobot_msgs:/opt/ros/humble:/opt/ros/humble/lib/gazebo_ros:/home/abood/ros_ws/install/robot_description:/home/abood/ros_ws/install/my_package LD_LIBRARY_PATH=/home/abood/arduinobot_ws/install/arduinobot_msgs/lib:${LD_LIBRARY_PATH} PYTHONPATH=/home/abood/arduinobot_ws/install/arduinobot_msgs/local/lib/python3.10/dist-packages:${PYTHONPATH} /usr/bin/cmake --build /home/abood/arduinobot_ws/build/arduinobot_utils -- -j16 -l16
[0.237s] Built target ament_cmake_python_symlink_arduinobot_utils
[0.408s] running egg_info
[0.408s] writing arduinobot_utils.egg-info/PKG-INFO
[0.408s] writing dependency_links to arduinobot_utils.egg-info/dependency_links.txt
[0.408s] writing top-level names to arduinobot_utils.egg-info/top_level.txt
[0.410s] reading manifest file 'arduinobot_utils.egg-info/SOURCES.txt'
[0.410s] writing manifest file 'arduinobot_utils.egg-info/SOURCES.txt'
[0.431s] Built target ament_cmake_python_build_arduinobot_utils_egg
[0.439s] Invoked command in '/home/abood/arduinobot_ws/build/arduinobot_utils' returned '0': AMENT_PREFIX_PATH=/home/abood/arduinobot_ws/install/arduinobot_msgs:${AMENT_PREFIX_PATH} CMAKE_PREFIX_PATH=/home/abood/arduinobot_ws/install/arduinobot_msgs:/opt/ros/humble:/opt/ros/humble/lib/gazebo_ros:/home/abood/ros_ws/install/robot_description:/home/abood/ros_ws/install/my_package LD_LIBRARY_PATH=/home/abood/arduinobot_ws/install/arduinobot_msgs/lib:${LD_LIBRARY_PATH} PYTHONPATH=/home/abood/arduinobot_ws/install/arduinobot_msgs/local/lib/python3.10/dist-packages:${PYTHONPATH} /usr/bin/cmake --build /home/abood/arduinobot_ws/build/arduinobot_utils -- -j16 -l16
[0.455s] Invoking command in '/home/abood/arduinobot_ws/build/arduinobot_utils': AMENT_PREFIX_PATH=/home/abood/arduinobot_ws/install/arduinobot_msgs:${AMENT_PREFIX_PATH} CMAKE_PREFIX_PATH=/home/abood/arduinobot_ws/install/arduinobot_msgs:/opt/ros/humble:/opt/ros/humble/lib/gazebo_ros:/home/abood/ros_ws/install/robot_description:/home/abood/ros_ws/install/my_package LD_LIBRARY_PATH=/home/abood/arduinobot_ws/install/arduinobot_msgs/lib:${LD_LIBRARY_PATH} PYTHONPATH=/home/abood/arduinobot_ws/install/arduinobot_msgs/local/lib/python3.10/dist-packages:${PYTHONPATH} /usr/bin/cmake --install /home/abood/arduinobot_ws/build/arduinobot_utils
[0.460s] -- Install configuration: ""
[0.461s] -- Execute custom install script
[0.461s] -- Up-to-date symlink: /home/abood/arduinobot_ws/install/arduinobot_utils/share/arduinobot_utils/environment/pythonpath.sh
[0.461s] -- Up-to-date symlink: /home/abood/arduinobot_ws/install/arduinobot_utils/share/arduinobot_utils/environment/pythonpath.dsv
[0.461s] -- Up-to-date symlink: /home/abood/arduinobot_ws/install/arduinobot_utils/local/lib/python3.10/dist-packages/arduinobot_utils-0.0.0-py3.10.egg-info/PKG-INFO
[0.461s] -- Up-to-date symlink: /home/abood/arduinobot_ws/install/arduinobot_utils/local/lib/python3.10/dist-packages/arduinobot_utils-0.0.0-py3.10.egg-info/SOURCES.txt
[0.461s] -- Up-to-date symlink: /home/abood/arduinobot_ws/install/arduinobot_utils/local/lib/python3.10/dist-packages/arduinobot_utils-0.0.0-py3.10.egg-info/dependency_links.txt
[0.461s] -- Up-to-date symlink: /home/abood/arduinobot_ws/install/arduinobot_utils/local/lib/python3.10/dist-packages/arduinobot_utils-0.0.0-py3.10.egg-info/top_level.txt
[0.461s] -- Up-to-date symlink: /home/abood/arduinobot_ws/install/arduinobot_utils/local/lib/python3.10/dist-packages/arduinobot_utils/__init__.py
[0.462s] -- Up-to-date symlink: /home/abood/arduinobot_ws/install/arduinobot_utils/local/lib/python3.10/dist-packages/arduinobot_utils/angle_conversion.py
[0.462s] -- Up-to-date symlink: /home/abood/arduinobot_ws/install/arduinobot_utils/lib/arduinobot_utils/angle_conversion.py
[0.462s] -- Up-to-date symlink: /home/abood/arduinobot_ws/install/arduinobot_utils/share/ament_index/resource_index/package_run_dependencies/arduinobot_utils
[0.462s] -- Up-to-date symlink: /home/abood/arduinobot_ws/install/arduinobot_utils/share/ament_index/resource_index/parent_prefix_path/arduinobot_utils
[0.462s] -- Up-to-date symlink: /home/abood/arduinobot_ws/install/arduinobot_utils/share/arduinobot_utils/environment/ament_prefix_path.sh
[0.462s] -- Up-to-date symlink: /home/abood/arduinobot_ws/install/arduinobot_utils/share/arduinobot_utils/environment/ament_prefix_path.dsv
[0.462s] -- Up-to-date symlink: /home/abood/arduinobot_ws/install/arduinobot_utils/share/arduinobot_utils/environment/path.sh
[0.462s] -- Up-to-date symlink: /home/abood/arduinobot_ws/install/arduinobot_utils/share/arduinobot_utils/environment/path.dsv
[0.462s] -- Up-to-date symlink: /home/abood/arduinobot_ws/install/arduinobot_utils/share/arduinobot_utils/local_setup.bash
[0.462s] -- Up-to-date symlink: /home/abood/arduinobot_ws/install/arduinobot_utils/share/arduinobot_utils/local_setup.sh
[0.462s] -- Up-to-date symlink: /home/abood/arduinobot_ws/install/arduinobot_utils/share/arduinobot_utils/local_setup.zsh
[0.463s] -- Up-to-date symlink: /home/abood/arduinobot_ws/install/arduinobot_utils/share/arduinobot_utils/local_setup.dsv
[0.463s] -- Symlinking: /home/abood/arduinobot_ws/install/arduinobot_utils/share/arduinobot_utils/package.dsv
[0.469s] -- Up-to-date symlink: /home/abood/arduinobot_ws/install/arduinobot_utils/share/ament_index/resource_index/packages/arduinobot_utils
[0.469s] -- Up-to-date symlink: /home/abood/arduinobot_ws/install/arduinobot_utils/share/arduinobot_utils/cmake/arduinobot_utilsConfig.cmake
[0.470s] -- Up-to-date symlink: /home/abood/arduinobot_ws/install/arduinobot_utils/share/arduinobot_utils/cmake/arduinobot_utilsConfig-version.cmake
[0.470s] -- Up-to-date symlink: /home/abood/arduinobot_ws/install/arduinobot_utils/share/arduinobot_utils/package.xml
[0.494s] Listing '/home/abood/arduinobot_ws/install/arduinobot_utils/local/lib/python3.10/dist-packages/arduinobot_utils'...
[0.501s] Invoked command in '/home/abood/arduinobot_ws/build/arduinobot_utils' returned '0': AMENT_PREFIX_PATH=/home/abood/arduinobot_ws/install/arduinobot_msgs:${AMENT_PREFIX_PATH} CMAKE_PREFIX_PATH=/home/abood/arduinobot_ws/install/arduinobot_msgs:/opt/ros/humble:/opt/ros/humble/lib/gazebo_ros:/home/abood/ros_ws/install/robot_description:/home/abood/ros_ws/install/my_package LD_LIBRARY_PATH=/home/abood/arduinobot_ws/install/arduinobot_msgs/lib:${LD_LIBRARY_PATH} PYTHONPATH=/home/abood/arduinobot_ws/install/arduinobot_msgs/local/lib/python3.10/dist-packages:${PYTHONPATH} /usr/bin/cmake --install /home/abood/arduinobot_ws/build/arduinobot_utils
