[0.013s] Invoking command in '/home/abood/arduinobot_ws/build/arduinobot_controller': CMAKE_PREFIX_PATH=/opt/ros/humble:/opt/ros/humble/lib/gazebo_ros:/home/abood/ros_ws/install/robot_description:/home/abood/ros_ws/install/my_package /usr/bin/cmake --build /home/abood/arduinobot_ws/build/arduinobot_controller -- -j16 -l16
[0.044s] Invoked command in '/home/abood/arduinobot_ws/build/arduinobot_controller' returned '0': CMAKE_PREFIX_PATH=/opt/ros/humble:/opt/ros/humble/lib/gazebo_ros:/home/abood/ros_ws/install/robot_description:/home/abood/ros_ws/install/my_package /usr/bin/cmake --build /home/abood/arduinobot_ws/build/arduinobot_controller -- -j16 -l16
[0.064s] Invoking command in '/home/abood/arduinobot_ws/build/arduinobot_controller': CMAKE_PREFIX_PATH=/opt/ros/humble:/opt/ros/humble/lib/gazebo_ros:/home/abood/ros_ws/install/robot_description:/home/abood/ros_ws/install/my_package /usr/bin/cmake --install /home/abood/arduinobot_ws/build/arduinobot_controller
[0.070s] -- Install configuration: ""
[0.070s] -- Execute custom install script
[0.071s] -- Up-to-date symlink: /home/abood/arduinobot_ws/install/arduinobot_controller/share/arduinobot_controller/config/arduinobot_controllers.yaml
[0.071s] -- Up-to-date symlink: /home/abood/arduinobot_ws/install/arduinobot_controller/share/arduinobot_controller/launch/controller.launch.py
[0.071s] -- Up-to-date symlink: /home/abood/arduinobot_ws/install/arduinobot_controller/share/ament_index/resource_index/package_run_dependencies/arduinobot_controller
[0.071s] -- Up-to-date symlink: /home/abood/arduinobot_ws/install/arduinobot_controller/share/ament_index/resource_index/parent_prefix_path/arduinobot_controller
[0.071s] -- Up-to-date symlink: /home/abood/arduinobot_ws/install/arduinobot_controller/share/arduinobot_controller/environment/ament_prefix_path.sh
[0.072s] -- Up-to-date symlink: /home/abood/arduinobot_ws/install/arduinobot_controller/share/arduinobot_controller/environment/ament_prefix_path.dsv
[0.072s] -- Up-to-date symlink: /home/abood/arduinobot_ws/install/arduinobot_controller/share/arduinobot_controller/environment/path.sh
[0.072s] -- Up-to-date symlink: /home/abood/arduinobot_ws/install/arduinobot_controller/share/arduinobot_controller/environment/path.dsv
[0.072s] -- Up-to-date symlink: /home/abood/arduinobot_ws/install/arduinobot_controller/share/arduinobot_controller/local_setup.bash
[0.073s] -- Up-to-date symlink: /home/abood/arduinobot_ws/install/arduinobot_controller/share/arduinobot_controller/local_setup.sh
[0.073s] -- Up-to-date symlink: /home/abood/arduinobot_ws/install/arduinobot_controller/share/arduinobot_controller/local_setup.zsh
[0.073s] -- Up-to-date symlink: /home/abood/arduinobot_ws/install/arduinobot_controller/share/arduinobot_controller/local_setup.dsv
[0.073s] -- Symlinking: /home/abood/arduinobot_ws/install/arduinobot_controller/share/arduinobot_controller/package.dsv
[0.078s] -- Up-to-date symlink: /home/abood/arduinobot_ws/install/arduinobot_controller/share/ament_index/resource_index/packages/arduinobot_controller
[0.078s] -- Up-to-date symlink: /home/abood/arduinobot_ws/install/arduinobot_controller/share/arduinobot_controller/cmake/arduinobot_controllerConfig.cmake
[0.078s] -- Up-to-date symlink: /home/abood/arduinobot_ws/install/arduinobot_controller/share/arduinobot_controller/cmake/arduinobot_controllerConfig-version.cmake
[0.078s] -- Up-to-date symlink: /home/abood/arduinobot_ws/install/arduinobot_controller/share/arduinobot_controller/package.xml
[0.091s] Invoked command in '/home/abood/arduinobot_ws/build/arduinobot_controller' returned '0': CMAKE_PREFIX_PATH=/opt/ros/humble:/opt/ros/humble/lib/gazebo_ros:/home/abood/ros_ws/install/robot_description:/home/abood/ros_ws/install/my_package /usr/bin/cmake --install /home/abood/arduinobot_ws/build/arduinobot_controller
