[0.016s] Invoking command in '/home/abood/arduinobot_ws/build/arduinobot_controller': CMAKE_PREFIX_PATH=${CMAKE_PREFIX_PATH}:/home/abood/arduinobot_ws/install/arduinobot_py_examples:/opt/ros/humble:/opt/ros/humble/lib/gazebo_ros:/home/abood/ros_ws/install/robot_description:/home/abood/ros_ws/install/my_package /usr/bin/cmake --build /home/abood/arduinobot_ws/build/arduinobot_controller -- -j16 -l16
[0.039s] Invoked command in '/home/abood/arduinobot_ws/build/arduinobot_controller' returned '0': CMAKE_PREFIX_PATH=${CMAKE_PREFIX_PATH}:/home/abood/arduinobot_ws/install/arduinobot_py_examples:/opt/ros/humble:/opt/ros/humble/lib/gazebo_ros:/home/abood/ros_ws/install/robot_description:/home/abood/ros_ws/install/my_package /usr/bin/cmake --build /home/abood/arduinobot_ws/build/arduinobot_controller -- -j16 -l16
[0.060s] Invoking command in '/home/abood/arduinobot_ws/build/arduinobot_controller': CMAKE_PREFIX_PATH=${CMAKE_PREFIX_PATH}:/home/abood/arduinobot_ws/install/arduinobot_py_examples:/opt/ros/humble:/opt/ros/humble/lib/gazebo_ros:/home/abood/ros_ws/install/robot_description:/home/abood/ros_ws/install/my_package /usr/bin/cmake --install /home/abood/arduinobot_ws/build/arduinobot_controller
[0.066s] -- Install configuration: ""
[0.066s] -- Execute custom install script
[0.066s] -- Up-to-date symlink: /home/abood/arduinobot_ws/install/arduinobot_controller/share/arduinobot_controller/config/arduinobot_controllers.yaml
[0.066s] -- Up-to-date symlink: /home/abood/arduinobot_ws/install/arduinobot_controller/share/arduinobot_controller/launch/controller.launch.py
[0.066s] -- Up-to-date symlink: /home/abood/arduinobot_ws/install/arduinobot_controller/share/ament_index/resource_index/package_run_dependencies/arduinobot_controller
[0.066s] -- Up-to-date symlink: /home/abood/arduinobot_ws/install/arduinobot_controller/share/ament_index/resource_index/parent_prefix_path/arduinobot_controller
[0.066s] -- Up-to-date symlink: /home/abood/arduinobot_ws/install/arduinobot_controller/share/arduinobot_controller/environment/ament_prefix_path.sh
[0.066s] -- Up-to-date symlink: /home/abood/arduinobot_ws/install/arduinobot_controller/share/arduinobot_controller/environment/ament_prefix_path.dsv
[0.066s] -- Up-to-date symlink: /home/abood/arduinobot_ws/install/arduinobot_controller/share/arduinobot_controller/environment/path.sh
[0.067s] -- Up-to-date symlink: /home/abood/arduinobot_ws/install/arduinobot_controller/share/arduinobot_controller/environment/path.dsv
[0.067s] -- Up-to-date symlink: /home/abood/arduinobot_ws/install/arduinobot_controller/share/arduinobot_controller/local_setup.bash
[0.067s] -- Up-to-date symlink: /home/abood/arduinobot_ws/install/arduinobot_controller/share/arduinobot_controller/local_setup.sh
[0.067s] -- Up-to-date symlink: /home/abood/arduinobot_ws/install/arduinobot_controller/share/arduinobot_controller/local_setup.zsh
[0.067s] -- Up-to-date symlink: /home/abood/arduinobot_ws/install/arduinobot_controller/share/arduinobot_controller/local_setup.dsv
[0.067s] -- Symlinking: /home/abood/arduinobot_ws/install/arduinobot_controller/share/arduinobot_controller/package.dsv
[0.074s] -- Up-to-date symlink: /home/abood/arduinobot_ws/install/arduinobot_controller/share/ament_index/resource_index/packages/arduinobot_controller
[0.074s] -- Up-to-date symlink: /home/abood/arduinobot_ws/install/arduinobot_controller/share/arduinobot_controller/cmake/arduinobot_controllerConfig.cmake
[0.074s] -- Up-to-date symlink: /home/abood/arduinobot_ws/install/arduinobot_controller/share/arduinobot_controller/cmake/arduinobot_controllerConfig-version.cmake
[0.074s] -- Up-to-date symlink: /home/abood/arduinobot_ws/install/arduinobot_controller/share/arduinobot_controller/package.xml
[0.076s] Invoked command in '/home/abood/arduinobot_ws/build/arduinobot_controller' returned '0': CMAKE_PREFIX_PATH=${CMAKE_PREFIX_PATH}:/home/abood/arduinobot_ws/install/arduinobot_py_examples:/opt/ros/humble:/opt/ros/humble/lib/gazebo_ros:/home/abood/ros_ws/install/robot_description:/home/abood/ros_ws/install/my_package /usr/bin/cmake --install /home/abood/arduinobot_ws/build/arduinobot_controller
